<?xml version="1.0" encoding="UTF-8"?>
<coverage generated="1637518631902" clover="3.2.0">
  <project timestamp="1637518631902" name="All files">
    <metrics statements="53" coveredstatements="53" conditionals="28" coveredconditionals="22" methods="17" coveredmethods="17" elements="98" coveredelements="92" complexity="0" loc="53" ncloc="53" packages="4" files="4" classes="4"/>
    <package name="controllers">
      <metrics statements="11" coveredstatements="11" conditionals="10" coveredconditionals="9" methods="3" coveredmethods="3"/>
      <file name="webpage_controller.ts" path="C:\Projects\SmartPensionChallenge\backend\controllers\webpage_controller.ts">
        <metrics statements="11" coveredstatements="11" conditionals="10" coveredconditionals="9" methods="3" coveredmethods="3"/>
        <line num="9" count="1" type="stmt"/>
        <line num="14" count="5" type="cond" truecount="4" falsecount="0"/>
        <line num="16" count="3" type="stmt"/>
        <line num="18" count="3" type="cond" truecount="1" falsecount="1"/>
        <line num="19" count="1503" type="stmt"/>
        <line num="20" count="3" type="stmt"/>
        <line num="21" count="3" type="stmt"/>
        <line num="22" count="3" type="stmt"/>
        <line num="23" count="3" type="stmt"/>
        <line num="25" count="3" type="stmt"/>
        <line num="27" count="25" type="cond" truecount="4" falsecount="0"/>
      </file>
    </package>
    <package name="helpers">
      <metrics statements="35" coveredstatements="35" conditionals="16" coveredconditionals="11" methods="11" coveredmethods="11"/>
      <file name="webpage.helpers.ts" path="C:\Projects\SmartPensionChallenge\backend\helpers\webpage.helpers.ts">
        <metrics statements="35" coveredstatements="35" conditionals="16" coveredconditionals="11" methods="11" coveredmethods="11"/>
        <line num="1" count="2" type="stmt"/>
        <line num="4" count="17" type="stmt"/>
        <line num="5" count="4588" type="stmt"/>
        <line num="6" count="4588" type="cond" truecount="3" falsecount="1"/>
        <line num="7" count="4588" type="stmt"/>
        <line num="11" count="2" type="stmt"/>
        <line num="15" count="31" type="stmt"/>
        <line num="17" count="9143" type="stmt"/>
        <line num="21" count="2" type="stmt"/>
        <line num="22" count="10" type="stmt"/>
        <line num="24" count="3044" type="stmt"/>
        <line num="27" count="2" type="stmt"/>
        <line num="28" count="5" type="stmt"/>
        <line num="30" count="5" type="stmt"/>
        <line num="31" count="1522" type="stmt"/>
        <line num="32" count="1522" type="cond" truecount="1" falsecount="1"/>
        <line num="33" count="1522" type="cond" truecount="2" falsecount="0"/>
        <line num="34" count="1492" type="stmt"/>
        <line num="36" count="30" type="stmt"/>
        <line num="41" count="5" type="stmt"/>
        <line num="44" count="2" type="stmt"/>
        <line num="47" count="5" type="stmt"/>
        <line num="48" count="5" type="stmt"/>
        <line num="49" count="5" type="stmt"/>
        <line num="51" count="5" type="stmt"/>
        <line num="52" count="30" type="stmt"/>
        <line num="53" count="30" type="stmt"/>
        <line num="55" count="30" type="cond" truecount="3" falsecount="1"/>
        <line num="56" count="30" type="stmt"/>
        <line num="60" count="5" type="stmt"/>
        <line num="63" count="2" type="stmt"/>
        <line num="68" count="4" type="stmt"/>
        <line num="69" count="24" type="cond" truecount="1" falsecount="1"/>
        <line num="70" count="24" type="cond" truecount="1" falsecount="1"/>
        <line num="72" count="24" type="stmt"/>
      </file>
    </package>
    <package name="helpers.__tests__.data">
      <metrics statements="1" coveredstatements="1" conditionals="0" coveredconditionals="0" methods="0" coveredmethods="0"/>
      <file name="webpage.helpers.data.ts" path="C:\Projects\SmartPensionChallenge\backend\helpers\__tests__\data\webpage.helpers.data.ts">
        <metrics statements="1" coveredstatements="1" conditionals="0" coveredconditionals="0" methods="0" coveredmethods="0"/>
        <line num="1" count="1" type="stmt"/>
      </file>
    </package>
    <package name="utils">
      <metrics statements="6" coveredstatements="6" conditionals="2" coveredconditionals="2" methods="3" coveredmethods="3"/>
      <file name="filesystem.ts" path="C:\Projects\SmartPensionChallenge\backend\utils\filesystem.ts">
        <metrics statements="6" coveredstatements="6" conditionals="2" coveredconditionals="2" methods="3" coveredmethods="3"/>
        <line num="3" count="2" type="stmt"/>
        <line num="4" count="5" type="stmt"/>
        <line num="5" count="5" type="stmt"/>
        <line num="6" count="5" type="cond" truecount="2" falsecount="0"/>
        <line num="7" count="1" type="stmt"/>
        <line num="10" count="5" type="stmt"/>
      </file>
    </package>
  </project>
</coverage>
