{"C:\\Projects\\SmartPensionChallenge\\backend\\controllers\\webpage_controller.ts": {"path":"C:\\Projects\\SmartPensionChallenge\\backend\\controllers\\webpage_controller.ts","statementMap":{"0":{"start":{"line":9,"column":31},"end":{"line":30,"column":1}},"1":{"start":{"line":14,"column":2},"end":{"line":14,"column":69}},"2":{"start":{"line":14,"column":24},"end":{"line":14,"column":69}},"3":{"start":{"line":16,"column":19},"end":{"line":16,"column":39}},"4":{"start":{"line":18,"column":2},"end":{"line":29,"column":3}},"5":{"start":{"line":19,"column":26},"end":{"line":19,"column":70}},"6":{"start":{"line":19,"column":65},"end":{"line":19,"column":69}},"7":{"start":{"line":20,"column":18},"end":{"line":20,"column":52}},"8":{"start":{"line":21,"column":18},"end":{"line":21,"column":66}},"9":{"start":{"line":22,"column":24},"end":{"line":22,"column":78}},"10":{"start":{"line":23,"column":27},"end":{"line":23,"column":73}},"11":{"start":{"line":25,"column":4},"end":{"line":28,"column":6}},"12":{"start":{"line":27,"column":8},"end":{"line":27,"column":80}}},"fnMap":{"0":{"name":"(anonymous_0)","decl":{"start":{"line":9,"column":31},"end":{"line":9,"column":32}},"loc":{"start":{"line":13,"column":5},"end":{"line":30,"column":1}},"line":13},"1":{"name":"(anonymous_1)","decl":{"start":{"line":19,"column":55},"end":{"line":19,"column":56}},"loc":{"start":{"line":19,"column":65},"end":{"line":19,"column":69}},"line":19},"2":{"name":"(anonymous_2)","decl":{"start":{"line":26,"column":6},"end":{"line":26,"column":7}},"loc":{"start":{"line":27,"column":8},"end":{"line":27,"column":80}},"line":27}},"branchMap":{"0":{"loc":{"start":{"line":14,"column":2},"end":{"line":14,"column":69}},"type":"if","locations":[{"start":{"line":14,"column":2},"end":{"line":14,"column":69}},{"start":{},"end":{}}],"line":14},"1":{"loc":{"start":{"line":14,"column":6},"end":{"line":14,"column":22}},"type":"binary-expr","locations":[{"start":{"line":14,"column":6},"end":{"line":14,"column":11}},{"start":{"line":14,"column":15},"end":{"line":14,"column":22}}],"line":14},"2":{"loc":{"start":{"line":18,"column":2},"end":{"line":29,"column":3}},"type":"if","locations":[{"start":{"line":18,"column":2},"end":{"line":29,"column":3}},{"start":{},"end":{}}],"line":18},"3":{"loc":{"start":{"line":27,"column":8},"end":{"line":27,"column":80}},"type":"cond-expr","locations":[{"start":{"line":27,"column":35},"end":{"line":27,"column":56}},{"start":{"line":27,"column":59},"end":{"line":27,"column":80}}],"line":27},"4":{"loc":{"start":{"line":27,"column":8},"end":{"line":27,"column":32}},"type":"binary-expr","locations":[{"start":{"line":27,"column":8},"end":{"line":27,"column":13}},{"start":{"line":27,"column":17},"end":{"line":27,"column":32}}],"line":27}},"s":{"0":1,"1":5,"2":2,"3":3,"4":3,"5":3,"6":1503,"7":3,"8":3,"9":3,"10":3,"11":3,"12":25},"f":{"0":5,"1":1503,"2":25},"b":{"0":[2,3],"1":[5,4],"2":[3,0],"3":[10,15],"4":[25,20]},"_coverageSchema":"1a1c01bbd47fc00a2c39e90264f33305004495a9","hash":"5a180904771809dfd1387888fd096bf8d2a04e77"}
,"C:\\Projects\\SmartPensionChallenge\\backend\\helpers\\webpage.helpers.ts": {"path":"C:\\Projects\\SmartPensionChallenge\\backend\\helpers\\webpage.helpers.ts","statementMap":{"0":{"start":{"line":1,"column":38},"end":{"line":9,"column":4}},"1":{"start":{"line":4,"column":2},"end":{"line":9,"column":4}},"2":{"start":{"line":5,"column":23},"end":{"line":5,"column":38}},"3":{"start":{"line":6,"column":4},"end":{"line":8,"column":5}},"4":{"start":{"line":7,"column":6},"end":{"line":7,"column":26}},"5":{"start":{"line":11,"column":36},"end":{"line":19,"column":3}},"6":{"start":{"line":15,"column":2},"end":{"line":19,"column":3}},"7":{"start":{"line":17,"column":37},"end":{"line":17,"column":54}},"8":{"start":{"line":17,"column":69},"end":{"line":17,"column":75}},"9":{"start":{"line":21,"column":35},"end":{"line":25,"column":1}},"10":{"start":{"line":22,"column":25},"end":{"line":22,"column":57}},"11":{"start":{"line":24,"column":2},"end":{"line":24,"column":68}},"12":{"start":{"line":24,"column":56},"end":{"line":24,"column":64}},"13":{"start":{"line":27,"column":29},"end":{"line":42,"column":1}},"14":{"start":{"line":28,"column":43},"end":{"line":28,"column":52}},"15":{"start":{"line":30,"column":2},"end":{"line":39,"column":3}},"16":{"start":{"line":30,"column":15},"end":{"line":30,"column":16}},"17":{"start":{"line":31,"column":19},"end":{"line":31,"column":41}},"18":{"start":{"line":32,"column":4},"end":{"line":38,"column":5}},"19":{"start":{"line":33,"column":6},"end":{"line":37,"column":7}},"20":{"start":{"line":34,"column":8},"end":{"line":34,"column":57}},"21":{"start":{"line":36,"column":8},"end":{"line":36,"column":33}},"22":{"start":{"line":41,"column":2},"end":{"line":41,"column":21}},"23":{"start":{"line":44,"column":35},"end":{"line":61,"column":1}},"24":{"start":{"line":47,"column":46},"end":{"line":47,"column":55}},"25":{"start":{"line":48,"column":25},"end":{"line":48,"column":57}},"26":{"start":{"line":49,"column":16},"end":{"line":49,"column":45}},"27":{"start":{"line":51,"column":2},"end":{"line":58,"column":3}},"28":{"start":{"line":51,"column":15},"end":{"line":51,"column":16}},"29":{"start":{"line":52,"column":17},"end":{"line":52,"column":25}},"30":{"start":{"line":53,"column":16},"end":{"line":53,"column":58}},"31":{"start":{"line":55,"column":4},"end":{"line":57,"column":5}},"32":{"start":{"line":56,"column":6},"end":{"line":56,"column":43}},"33":{"start":{"line":60,"column":2},"end":{"line":60,"column":24}},"34":{"start":{"line":63,"column":35},"end":{"line":74,"column":1}},"35":{"start":{"line":68,"column":2},"end":{"line":73,"column":5}},"36":{"start":{"line":69,"column":17},"end":{"line":69,"column":33}},"37":{"start":{"line":70,"column":23},"end":{"line":70,"column":45}},"38":{"start":{"line":72,"column":4},"end":{"line":72,"column":38}}},"fnMap":{"0":{"name":"(anonymous_0)","decl":{"start":{"line":1,"column":38},"end":{"line":1,"column":39}},"loc":{"start":{"line":4,"column":2},"end":{"line":9,"column":4}},"line":4},"1":{"name":"(anonymous_1)","decl":{"start":{"line":4,"column":15},"end":{"line":4,"column":16}},"loc":{"start":{"line":4,"column":33},"end":{"line":9,"column":3}},"line":4},"2":{"name":"(anonymous_2)","decl":{"start":{"line":11,"column":36},"end":{"line":11,"column":37}},"loc":{"start":{"line":15,"column":2},"end":{"line":19,"column":3}},"line":15},"3":{"name":"(anonymous_3)","decl":{"start":{"line":17,"column":28},"end":{"line":17,"column":29}},"loc":{"start":{"line":17,"column":37},"end":{"line":17,"column":54}},"line":17},"4":{"name":"(anonymous_4)","decl":{"start":{"line":17,"column":60},"end":{"line":17,"column":61}},"loc":{"start":{"line":17,"column":69},"end":{"line":17,"column":75}},"line":17},"5":{"name":"(anonymous_5)","decl":{"start":{"line":21,"column":35},"end":{"line":21,"column":36}},"loc":{"start":{"line":21,"column":69},"end":{"line":25,"column":1}},"line":21},"6":{"name":"(anonymous_6)","decl":{"start":{"line":24,"column":47},"end":{"line":24,"column":48}},"loc":{"start":{"line":24,"column":56},"end":{"line":24,"column":64}},"line":24},"7":{"name":"(anonymous_7)","decl":{"start":{"line":27,"column":29},"end":{"line":27,"column":30}},"loc":{"start":{"line":27,"column":74},"end":{"line":42,"column":1}},"line":27},"8":{"name":"(anonymous_8)","decl":{"start":{"line":44,"column":35},"end":{"line":44,"column":36}},"loc":{"start":{"line":46,"column":26},"end":{"line":61,"column":1}},"line":46},"9":{"name":"(anonymous_9)","decl":{"start":{"line":63,"column":35},"end":{"line":63,"column":36}},"loc":{"start":{"line":67,"column":59},"end":{"line":74,"column":1}},"line":67},"10":{"name":"(anonymous_10)","decl":{"start":{"line":68,"column":19},"end":{"line":68,"column":20}},"loc":{"start":{"line":68,"column":37},"end":{"line":73,"column":3}},"line":68}},"branchMap":{"0":{"loc":{"start":{"line":6,"column":4},"end":{"line":8,"column":5}},"type":"if","locations":[{"start":{"line":6,"column":4},"end":{"line":8,"column":5}},{"start":{},"end":{}}],"line":6},"1":{"loc":{"start":{"line":6,"column":8},"end":{"line":6,"column":18}},"type":"binary-expr","locations":[{"start":{"line":6,"column":8},"end":{"line":6,"column":12}},{"start":{"line":6,"column":16},"end":{"line":6,"column":18}}],"line":6},"2":{"loc":{"start":{"line":32,"column":4},"end":{"line":38,"column":5}},"type":"if","locations":[{"start":{"line":32,"column":4},"end":{"line":38,"column":5}},{"start":{},"end":{}}],"line":32},"3":{"loc":{"start":{"line":33,"column":6},"end":{"line":37,"column":7}},"type":"if","locations":[{"start":{"line":33,"column":6},"end":{"line":37,"column":7}},{"start":{"line":35,"column":13},"end":{"line":37,"column":7}}],"line":33},"4":{"loc":{"start":{"line":55,"column":4},"end":{"line":57,"column":5}},"type":"if","locations":[{"start":{"line":55,"column":4},"end":{"line":57,"column":5}},{"start":{},"end":{}}],"line":55},"5":{"loc":{"start":{"line":55,"column":8},"end":{"line":55,"column":27}},"type":"binary-expr","locations":[{"start":{"line":55,"column":8},"end":{"line":55,"column":12}},{"start":{"line":55,"column":16},"end":{"line":55,"column":27}}],"line":55},"6":{"loc":{"start":{"line":69,"column":17},"end":{"line":69,"column":33}},"type":"binary-expr","locations":[{"start":{"line":69,"column":17},"end":{"line":69,"column":28}},{"start":{"line":69,"column":32},"end":{"line":69,"column":33}}],"line":69},"7":{"loc":{"start":{"line":70,"column":23},"end":{"line":70,"column":45}},"type":"binary-expr","locations":[{"start":{"line":70,"column":23},"end":{"line":70,"column":40}},{"start":{"line":70,"column":44},"end":{"line":70,"column":45}}],"line":70}},"s":{"0":2,"1":17,"2":4588,"3":4588,"4":4588,"5":2,"6":31,"7":9143,"8":1527,"9":2,"10":10,"11":10,"12":3044,"13":2,"14":5,"15":5,"16":5,"17":1522,"18":1522,"19":1522,"20":1492,"21":30,"22":5,"23":2,"24":5,"25":5,"26":5,"27":5,"28":5,"29":30,"30":30,"31":30,"32":30,"33":5,"34":2,"35":4,"36":24,"37":24,"38":24},"f":{"0":17,"1":4588,"2":31,"3":9143,"4":1527,"5":10,"6":3044,"7":5,"8":5,"9":4,"10":24},"b":{"0":[4588,0],"1":[4588,4588],"2":[1522,0],"3":[1492,30],"4":[30,0],"5":[30,30],"6":[24,0],"7":[24,0]},"_coverageSchema":"1a1c01bbd47fc00a2c39e90264f33305004495a9","hash":"b377dd0e6d235509064ce500799bce1b3318cecb"}
,"C:\\Projects\\SmartPensionChallenge\\backend\\helpers\\__tests__\\data\\webpage.helpers.data.ts": {"path":"C:\\Projects\\SmartPensionChallenge\\backend\\helpers\\__tests__\\data\\webpage.helpers.data.ts","statementMap":{"0":{"start":{"line":1,"column":29},"end":{"line":13,"column":1}}},"fnMap":{},"branchMap":{},"s":{"0":1},"f":{},"b":{},"_coverageSchema":"1a1c01bbd47fc00a2c39e90264f33305004495a9","hash":"43394848ff74a80bf90121e4675498f5ff607c7c"}
,"C:\\Projects\\SmartPensionChallenge\\backend\\utils\\filesystem.ts": {"path":"C:\\Projects\\SmartPensionChallenge\\backend\\utils\\filesystem.ts","statementMap":{"0":{"start":{"line":3,"column":24},"end":{"line":13,"column":1}},"1":{"start":{"line":4,"column":2},"end":{"line":12,"column":5}},"2":{"start":{"line":5,"column":4},"end":{"line":11,"column":7}},"3":{"start":{"line":6,"column":6},"end":{"line":8,"column":7}},"4":{"start":{"line":7,"column":8},"end":{"line":7,"column":20}},"5":{"start":{"line":10,"column":6},"end":{"line":10,"column":20}}},"fnMap":{"0":{"name":"(anonymous_0)","decl":{"start":{"line":3,"column":24},"end":{"line":3,"column":25}},"loc":{"start":{"line":3,"column":59},"end":{"line":13,"column":1}},"line":3},"1":{"name":"(anonymous_1)","decl":{"start":{"line":4,"column":21},"end":{"line":4,"column":22}},"loc":{"start":{"line":4,"column":42},"end":{"line":12,"column":3}},"line":4},"2":{"name":"(anonymous_2)","decl":{"start":{"line":5,"column":30},"end":{"line":5,"column":31}},"loc":{"start":{"line":5,"column":45},"end":{"line":11,"column":5}},"line":5}},"branchMap":{"0":{"loc":{"start":{"line":6,"column":6},"end":{"line":8,"column":7}},"type":"if","locations":[{"start":{"line":6,"column":6},"end":{"line":8,"column":7}},{"start":{},"end":{}}],"line":6}},"s":{"0":2,"1":5,"2":5,"3":5,"4":1,"5":5},"f":{"0":5,"1":5,"2":5},"b":{"0":[1,4]},"_coverageSchema":"1a1c01bbd47fc00a2c39e90264f33305004495a9","hash":"3cfb80b2a8d353515d8a0408f4b1643876a53b82"}
}
