TN:
SF:controllers\webpage_controller.ts
FN:9,(anonymous_0)
FN:19,(anonymous_1)
FN:26,(anonymous_2)
FNF:3
FNH:3
FNDA:5,(anonymous_0)
FNDA:1503,(anonymous_1)
FNDA:25,(anonymous_2)
DA:9,1
DA:14,5
DA:16,3
DA:18,3
DA:19,1503
DA:20,3
DA:21,3
DA:22,3
DA:23,3
DA:25,3
DA:27,25
LF:11
LH:11
BRDA:14,0,0,2
BRDA:14,0,1,3
BRDA:14,1,0,5
BRDA:14,1,1,4
BRDA:18,2,0,3
BRDA:18,2,1,0
BRDA:27,3,0,10
BRDA:27,3,1,15
BRDA:27,4,0,25
BRDA:27,4,1,20
BRF:10
BRH:9
end_of_record
TN:
SF:helpers\webpage.helpers.ts
FN:1,(anonymous_0)
FN:4,(anonymous_1)
FN:11,(anonymous_2)
FN:17,(anonymous_3)
FN:17,(anonymous_4)
FN:21,(anonymous_5)
FN:24,(anonymous_6)
FN:27,(anonymous_7)
FN:44,(anonymous_8)
FN:63,(anonymous_9)
FN:68,(anonymous_10)
FNF:11
FNH:11
FNDA:17,(anonymous_0)
FNDA:4588,(anonymous_1)
FNDA:31,(anonymous_2)
FNDA:9143,(anonymous_3)
FNDA:1527,(anonymous_4)
FNDA:10,(anonymous_5)
FNDA:3044,(anonymous_6)
FNDA:5,(anonymous_7)
FNDA:5,(anonymous_8)
FNDA:4,(anonymous_9)
FNDA:24,(anonymous_10)
DA:1,2
DA:4,17
DA:5,4588
DA:6,4588
DA:7,4588
DA:11,2
DA:15,31
DA:17,9143
DA:21,2
DA:22,10
DA:24,3044
DA:27,2
DA:28,5
DA:30,5
DA:31,1522
DA:32,1522
DA:33,1522
DA:34,1492
DA:36,30
DA:41,5
DA:44,2
DA:47,5
DA:48,5
DA:49,5
DA:51,5
DA:52,30
DA:53,30
DA:55,30
DA:56,30
DA:60,5
DA:63,2
DA:68,4
DA:69,24
DA:70,24
DA:72,24
LF:35
LH:35
BRDA:6,0,0,4588
BRDA:6,0,1,0
BRDA:6,1,0,4588
BRDA:6,1,1,4588
BRDA:32,2,0,1522
BRDA:32,2,1,0
BRDA:33,3,0,1492
BRDA:33,3,1,30
BRDA:55,4,0,30
BRDA:55,4,1,0
BRDA:55,5,0,30
BRDA:55,5,1,30
BRDA:69,6,0,24
BRDA:69,6,1,0
BRDA:70,7,0,24
BRDA:70,7,1,0
BRF:16
BRH:11
end_of_record
TN:
SF:helpers\__tests__\data\webpage.helpers.data.ts
FNF:0
FNH:0
DA:1,1
LF:1
LH:1
BRF:0
BRH:0
end_of_record
TN:
SF:utils\filesystem.ts
FN:3,(anonymous_0)
FN:4,(anonymous_1)
FN:5,(anonymous_2)
FNF:3
FNH:3
FNDA:5,(anonymous_0)
FNDA:5,(anonymous_1)
FNDA:5,(anonymous_2)
DA:3,2
DA:4,5
DA:5,5
DA:6,5
DA:7,1
DA:10,5
LF:6
LH:6
BRDA:6,0,0,1
BRDA:6,0,1,4
BRF:2
BRH:2
end_of_record
